Arguments: 
  /Users/destroyer/.nvm/versions/node/v14.17.0/bin/node /usr/local/Cellar/yarn/1.22.11/libexec/bin/yarn.js add -D typescript ts-node ts-node-dev @typescript-eslint-parser @types/node @types/jest

PATH: 
  /Users/destroyer/.nvm/versions/node/v14.17.0/bin:/usr/local/bin:/usr/bin:/bin:/usr/sbin:/sbin:/Library/Apple/usr/bin:/Users/destroyer/.nvm/versions/node/v14.17.0/bin:/Users/destroyer/Library/Android/sdk/bin:/Users/destroyer/Library/Android/sdk/platform-tools:/opt/metasploit-framework/bin:/Users/destroyer/Library/Android/sdk/build-tools/30.0.3:/Users/destroyer/Library/Android/sdk/bin:/Users/destroyer/Library/Android/sdk/platform-tools:/opt/metasploit-framework/bin:/Users/destroyer/Library/Android/sdk/build-tools/30.0.3

Yarn version: 
  1.22.11

Node version: 
  14.17.0

Platform: 
  darwin x64

Trace: 
  Error: https://registry.yarnpkg.com/@typescript-eslint-parser: Request "https://registry.yarnpkg.com/@typescript-eslint-parser" returned a 405
      at Request.params.callback [as _callback] (/usr/local/Cellar/yarn/1.22.11/libexec/lib/cli.js:67001:18)
      at Request.self.callback (/usr/local/Cellar/yarn/1.22.11/libexec/lib/cli.js:140763:22)
      at Request.emit (events.js:376:20)
      at Request.<anonymous> (/usr/local/Cellar/yarn/1.22.11/libexec/lib/cli.js:141735:10)
      at Request.emit (events.js:376:20)
      at IncomingMessage.<anonymous> (/usr/local/Cellar/yarn/1.22.11/libexec/lib/cli.js:141657:12)
      at Object.onceWrapper (events.js:482:28)
      at IncomingMessage.emit (events.js:388:22)
      at endReadableNT (internal/streams/readable.js:1336:12)
      at processTicksAndRejections (internal/process/task_queues.js:82:21)

npm manifest: 
  {
    "name": "fastify-immail-meet",
    "version": "1.0.0",
    "main": "index.js",
    "license": "MIT"
  }

yarn manifest: 
  No manifest

Lockfile: 
  No lockfile
